Determining if the pthread_create exist failed with the following output:
Change Dir: /home/hunglv/project/openni-test/cmake-build-debug/CMakeFiles/CMakeTmp

Run Build Command:"/usr/bin/make" "cmTC_9f48c/fast"
/usr/bin/make -f CMakeFiles/cmTC_9f48c.dir/build.make CMakeFiles/cmTC_9f48c.dir/build
make[1]: Entering directory '/home/hunglv/project/openni-test/cmake-build-debug/CMakeFiles/CMakeTmp'
Building C object CMakeFiles/cmTC_9f48c.dir/CheckSymbolExists.c.o
/usr/bin/cc    -o CMakeFiles/cmTC_9f48c.dir/CheckSymbolExists.c.o   -c /home/hunglv/project/openni-test/cmake-build-debug/CMakeFiles/CMakeTmp/CheckSymbolExists.c
Linking C executable cmTC_9f48c
/home/hunglv/MyApplication/clion-2018.2.5/bin/cmake/linux/bin/cmake -E cmake_link_script CMakeFiles/cmTC_9f48c.dir/link.txt --verbose=1
/usr/bin/cc      CMakeFiles/cmTC_9f48c.dir/CheckSymbolExists.c.o  -o cmTC_9f48c 
CMakeFiles/cmTC_9f48c.dir/CheckSymbolExists.c.o: In function `main':
CheckSymbolExists.c:(.text+0x16): undefined reference to `pthread_create'
collect2: error: ld returned 1 exit status
CMakeFiles/cmTC_9f48c.dir/build.make:86: recipe for target 'cmTC_9f48c' failed
make[1]: *** [cmTC_9f48c] Error 1
make[1]: Leaving directory '/home/hunglv/project/openni-test/cmake-build-debug/CMakeFiles/CMakeTmp'
Makefile:121: recipe for target 'cmTC_9f48c/fast' failed
make: *** [cmTC_9f48c/fast] Error 2

File /home/hunglv/project/openni-test/cmake-build-debug/CMakeFiles/CMakeTmp/CheckSymbolExists.c:
/* */
#include <pthread.h>

int main(int argc, char** argv)
{
  (void)argv;
#ifndef pthread_create
  return ((int*)(&pthread_create))[argc];
#else
  (void)argc;
  return 0;
#endif
}

Determining if the function pthread_create exists in the pthreads failed with the following output:
Change Dir: /home/hunglv/project/openni-test/cmake-build-debug/CMakeFiles/CMakeTmp

Run Build Command:"/usr/bin/make" "cmTC_7e76d/fast"
/usr/bin/make -f CMakeFiles/cmTC_7e76d.dir/build.make CMakeFiles/cmTC_7e76d.dir/build
make[1]: Entering directory '/home/hunglv/project/openni-test/cmake-build-debug/CMakeFiles/CMakeTmp'
Building C object CMakeFiles/cmTC_7e76d.dir/CheckFunctionExists.c.o
/usr/bin/cc   -DCHECK_FUNCTION_EXISTS=pthread_create   -o CMakeFiles/cmTC_7e76d.dir/CheckFunctionExists.c.o   -c /home/hunglv/MyApplication/clion-2018.2.5/bin/cmake/linux/share/cmake-3.12/Modules/CheckFunctionExists.c
Linking C executable cmTC_7e76d
/home/hunglv/MyApplication/clion-2018.2.5/bin/cmake/linux/bin/cmake -E cmake_link_script CMakeFiles/cmTC_7e76d.dir/link.txt --verbose=1
/usr/bin/cc  -DCHECK_FUNCTION_EXISTS=pthread_create    CMakeFiles/cmTC_7e76d.dir/CheckFunctionExists.c.o  -o cmTC_7e76d -lpthreads 
/usr/bin/ld: cannot find -lpthreads
collect2: error: ld returned 1 exit status
CMakeFiles/cmTC_7e76d.dir/build.make:86: recipe for target 'cmTC_7e76d' failed
make[1]: *** [cmTC_7e76d] Error 1
make[1]: Leaving directory '/home/hunglv/project/openni-test/cmake-build-debug/CMakeFiles/CMakeTmp'
Makefile:121: recipe for target 'cmTC_7e76d/fast' failed
make: *** [cmTC_7e76d/fast] Error 2


