Determining if the pthread_create exist failed with the following output:
Change Dir: /home/hunglv/project/openni-test/build/CMakeFiles/CMakeTmp

Run Build Command:"/usr/bin/make" "cmTC_50cfa/fast"
/usr/bin/make -f CMakeFiles/cmTC_50cfa.dir/build.make CMakeFiles/cmTC_50cfa.dir/build
make[1]: Entering directory '/home/hunglv/project/openni-test/build/CMakeFiles/CMakeTmp'
Building C object CMakeFiles/cmTC_50cfa.dir/CheckSymbolExists.c.o
/usr/bin/cc    -o CMakeFiles/cmTC_50cfa.dir/CheckSymbolExists.c.o   -c /home/hunglv/project/openni-test/build/CMakeFiles/CMakeTmp/CheckSymbolExists.c
Linking C executable cmTC_50cfa
/usr/local/bin/cmake -E cmake_link_script CMakeFiles/cmTC_50cfa.dir/link.txt --verbose=1
/usr/bin/cc      CMakeFiles/cmTC_50cfa.dir/CheckSymbolExists.c.o  -o cmTC_50cfa 
CMakeFiles/cmTC_50cfa.dir/CheckSymbolExists.c.o: In function `main':
CheckSymbolExists.c:(.text+0x16): undefined reference to `pthread_create'
collect2: error: ld returned 1 exit status
CMakeFiles/cmTC_50cfa.dir/build.make:86: recipe for target 'cmTC_50cfa' failed
make[1]: *** [cmTC_50cfa] Error 1
make[1]: Leaving directory '/home/hunglv/project/openni-test/build/CMakeFiles/CMakeTmp'
Makefile:121: recipe for target 'cmTC_50cfa/fast' failed
make: *** [cmTC_50cfa/fast] Error 2

File /home/hunglv/project/openni-test/build/CMakeFiles/CMakeTmp/CheckSymbolExists.c:
/* */
#include <pthread.h>

int main(int argc, char** argv)
{
  (void)argv;
#ifndef pthread_create
  return ((int*)(&pthread_create))[argc];
#else
  (void)argc;
  return 0;
#endif
}

Determining if the function pthread_create exists in the pthreads failed with the following output:
Change Dir: /home/hunglv/project/openni-test/build/CMakeFiles/CMakeTmp

Run Build Command:"/usr/bin/make" "cmTC_30c3b/fast"
/usr/bin/make -f CMakeFiles/cmTC_30c3b.dir/build.make CMakeFiles/cmTC_30c3b.dir/build
make[1]: Entering directory '/home/hunglv/project/openni-test/build/CMakeFiles/CMakeTmp'
Building C object CMakeFiles/cmTC_30c3b.dir/CheckFunctionExists.c.o
/usr/bin/cc   -DCHECK_FUNCTION_EXISTS=pthread_create   -o CMakeFiles/cmTC_30c3b.dir/CheckFunctionExists.c.o   -c /usr/local/share/cmake-3.12/Modules/CheckFunctionExists.c
Linking C executable cmTC_30c3b
/usr/local/bin/cmake -E cmake_link_script CMakeFiles/cmTC_30c3b.dir/link.txt --verbose=1
/usr/bin/cc  -DCHECK_FUNCTION_EXISTS=pthread_create    CMakeFiles/cmTC_30c3b.dir/CheckFunctionExists.c.o  -o cmTC_30c3b -lpthreads 
/usr/bin/ld: cannot find -lpthreads
collect2: error: ld returned 1 exit status
CMakeFiles/cmTC_30c3b.dir/build.make:86: recipe for target 'cmTC_30c3b' failed
make[1]: *** [cmTC_30c3b] Error 1
make[1]: Leaving directory '/home/hunglv/project/openni-test/build/CMakeFiles/CMakeTmp'
Makefile:121: recipe for target 'cmTC_30c3b/fast' failed
make: *** [cmTC_30c3b/fast] Error 2


